<?xml version="1.0" encoding="UTF-8"?>
<!-- Generated by org.testng.reporters.JUnitReportReporter -->
<testsuite hostname="LAPTOP-R19HC8JN" failures="0" tests="1" name="dummydemo.JenkinsTest" time="5.533" errors="0" timestamp="2025-04-19T10:41:50 IST" skipped="0">
  <testcase classname="dummydemo.JenkinsTest" name="launch" time="5.533"/>
  <system-out>
    <![CDATA[Demo web shop launched successfully]]>
  </system-out>
</testsuite> <!-- dummydemo.JenkinsTest -->
